Performing system checks...

System check identified no issues (0 silenced).
May 11, 2018 - 13:25:46
Django version 1.9.8, using settings 'Onlinestudy.settings'
Starting development server at http://0.0.0.0:8888/
Quit the server with CONTROL-C.
[11/May/2018 13:27:28] "GET / HTTP/1.1" 200 6656
[11/May/2018 13:27:28] "GET /static/css/animate.css HTTP/1.1" 404 668
[11/May/2018 13:27:28] "GET /static/css/style.css HTTP/1.1" 404 668
[11/May/2018 13:27:28] "GET /static/js/jquery.min.js HTTP/1.1" 404 668
[11/May/2018 13:27:28] "GET /static/js/jquery-migrate-1.2.1.min.js HTTP/1.1" 404 668
[11/May/2018 13:27:28] "GET /static/js/selectUi.js HTTP/1.1" 404 668
[11/May/2018 13:27:28] "GET /static/js/deco-common.js HTTP/1.1" 404 668
[11/May/2018 13:27:28] "GET /static/js/plugins/layer/layer.js HTTP/1.1" 404 668
[11/May/2018 13:27:28] "GET /static/js/plugins/queryCity/js/public.js HTTP/1.1" 404 668
[11/May/2018 13:27:28] "GET /static/js/unslider.js HTTP/1.1" 404 668
[11/May/2018 13:27:28] "GET /static/js/plugins/laydate/laydate.js HTTP/1.1" 404 668
[11/May/2018 13:27:28] "GET /static/js/index.js HTTP/1.1" 404 668
[11/May/2018 13:27:28] "GET /static/images/logo.jpg HTTP/1.1" 404 668
[11/May/2018 13:27:28] "GET /static/js/plugins/jquery.scrollLoading.js HTTP/1.1" 404 668
[11/May/2018 13:27:28] "GET /static/images/search_btn.png HTTP/1.1" 404 668
[11/May/2018 13:27:28] "GET /static/images/feature2.png HTTP/1.1" 404 668
[11/May/2018 13:27:28] "GET /static/images/feature3.png HTTP/1.1" 404 668
[11/May/2018 13:27:28] "GET /static/images/feature4.png HTTP/1.1" 404 668
[11/May/2018 13:27:28] "GET /static/js/selectUi.js HTTP/1.1" 404 668
[11/May/2018 13:27:28] "GET /static/images/module1_1.jpg HTTP/1.1" 404 668
[11/May/2018 13:27:28] "GET /static/images/feature1.png HTTP/1.1" 404 668
[11/May/2018 13:27:28] "GET /static/images/nav_hot.png HTTP/1.1" 404 668
[11/May/2018 13:27:28] "GET /static/images/module3_1.jpg HTTP/1.1" 404 668
[11/May/2018 13:27:28] "GET /static/js/deco-common.js HTTP/1.1" 404 668
[11/May/2018 13:27:28] "GET /static/images/footlogo.png HTTP/1.1" 404 668
[11/May/2018 13:27:28] "GET /static/images/code.jpg HTTP/1.1" 404 668
[11/May/2018 13:27:28] "GET /static/images/tell.png HTTP/1.1" 404 668
[11/May/2018 13:27:28] "GET /static/js/plugins/laydate/laydate.js HTTP/1.1" 404 668
[11/May/2018 13:27:28] "GET /static/js/plugins/layer/layer.js HTTP/1.1" 404 668
[11/May/2018 13:27:28] "GET /static/js/plugins/queryCity/js/public.js HTTP/1.1" 404 668
[11/May/2018 13:27:29] "GET /static/js/unslider.js HTTP/1.1" 404 668
[11/May/2018 13:27:29] "GET /static/js/plugins/jquery.scrollLoading.js HTTP/1.1" 404 668
[11/May/2018 13:27:29] "GET /static/js/deco-common.js HTTP/1.1" 404 668
[11/May/2018 13:27:29] "GET /static/js/index.js HTTP/1.1" 404 668
Performing system checks...

System check identified no issues (0 silenced).
May 11, 2018 - 13:27:21
Django version 1.9.8, using settings 'Onlinestudy.settings'
Starting development server at http://0.0.0.0:80/
Quit the server with CONTROL-C.
[11/May/2018 13:28:23] "GET / HTTP/1.1" 200 6656
[11/May/2018 13:28:23] "GET /static/css/style.css HTTP/1.1" 404 668
[11/May/2018 13:28:23] "GET /static/css/animate.css HTTP/1.1" 404 668
[11/May/2018 13:28:23] "GET /static/js/jquery.min.js HTTP/1.1" 404 668
[11/May/2018 13:28:23] "GET /static/js/jquery-migrate-1.2.1.min.js HTTP/1.1" 404 668
[11/May/2018 13:28:23] "GET /static/js/selectUi.js HTTP/1.1" 404 668
[11/May/2018 13:28:23] "GET /static/js/deco-common.js HTTP/1.1" 404 668
[11/May/2018 13:28:23] "GET /static/js/plugins/laydate/laydate.js HTTP/1.1" 404 668
[11/May/2018 13:28:23] "GET /static/js/plugins/layer/layer.js HTTP/1.1" 404 668
[11/May/2018 13:28:23] "GET /static/js/plugins/queryCity/js/public.js HTTP/1.1" 404 668
[11/May/2018 13:28:23] "GET /static/js/unslider.js HTTP/1.1" 404 668
[11/May/2018 13:28:23] "GET /static/images/logo.jpg HTTP/1.1" 404 668
[11/May/2018 13:28:23] "GET /static/images/feature2.png HTTP/1.1" 404 668
[11/May/2018 13:28:23] "GET /static/images/feature3.png HTTP/1.1" 404 668
[11/May/2018 13:28:23] "GET /static/images/module1_1.jpg HTTP/1.1" 404 668
[11/May/2018 13:28:23] "GET /static/images/feature4.png HTTP/1.1" 404 668
[11/May/2018 13:28:23] "GET /static/images/nav_hot.png HTTP/1.1" 404 668
[11/May/2018 13:28:23] "GET /static/images/feature1.png HTTP/1.1" 404 668
[11/May/2018 13:28:23] "GET /static/js/selectUi.js HTTP/1.1" 404 668
[11/May/2018 13:28:23] "GET /static/js/plugins/jquery.scrollLoading.js HTTP/1.1" 404 668
[11/May/2018 13:28:23] "GET /static/images/search_btn.png HTTP/1.1" 404 668
[11/May/2018 13:28:23] "GET /static/js/index.js HTTP/1.1" 404 668
[11/May/2018 13:28:23] "GET /static/images/module3_1.jpg HTTP/1.1" 404 668
[11/May/2018 13:28:23] "GET /static/js/deco-common.js HTTP/1.1" 404 668
[11/May/2018 13:28:23] "GET /static/images/footlogo.png HTTP/1.1" 404 668
[11/May/2018 13:28:23] "GET /static/images/code.jpg HTTP/1.1" 404 668
[11/May/2018 13:28:23] "GET /static/js/plugins/laydate/laydate.js HTTP/1.1" 404 668
[11/May/2018 13:28:23] "GET /static/images/tell.png HTTP/1.1" 404 668
[11/May/2018 13:28:23] "GET /static/js/plugins/layer/layer.js HTTP/1.1" 404 668
[11/May/2018 13:28:23] "GET /static/js/plugins/queryCity/js/public.js HTTP/1.1" 404 668
[11/May/2018 13:28:23] "GET /static/js/unslider.js HTTP/1.1" 404 668
[11/May/2018 13:28:23] "GET /static/js/plugins/jquery.scrollLoading.js HTTP/1.1" 404 668
[11/May/2018 13:28:23] "GET /static/js/deco-common.js HTTP/1.1" 404 668
[11/May/2018 13:28:23] "GET /static/js/index.js HTTP/1.1" 404 668
[11/May/2018 13:28:25] "GET / HTTP/1.1" 200 6656
[11/May/2018 13:28:25] "GET /static/js/jquery.min.js HTTP/1.1" 404 668
[11/May/2018 13:28:25] "GET /static/css/animate.css HTTP/1.1" 404 668
[11/May/2018 13:28:25] "GET /static/js/jquery-migrate-1.2.1.min.js HTTP/1.1" 404 668
[11/May/2018 13:28:25] "GET /static/css/style.css HTTP/1.1" 404 668
[11/May/2018 13:28:25] "GET /static/js/selectUi.js HTTP/1.1" 404 668
[11/May/2018 13:28:25] "GET /static/js/jquery-migrate-1.2.1.min.js HTTP/1.1" 404 668
[11/May/2018 13:28:25] "GET /static/js/deco-common.js HTTP/1.1" 404 668
[11/May/2018 13:28:25] "GET /static/js/selectUi.js HTTP/1.1" 404 668
[11/May/2018 13:28:25] "GET /static/js/plugins/laydate/laydate.js HTTP/1.1" 404 668
[11/May/2018 13:28:25] "GET /static/js/plugins/queryCity/js/public.js HTTP/1.1" 404 668
[11/May/2018 13:28:25] "GET /static/js/plugins/layer/layer.js HTTP/1.1" 404 668
[11/May/2018 13:28:25] "GET /static/js/unslider.js HTTP/1.1" 404 668
[11/May/2018 13:28:25] "GET /static/images/search_btn.png HTTP/1.1" 404 668
[11/May/2018 13:28:25] "GET /static/images/module1_1.jpg HTTP/1.1" 404 668
[11/May/2018 13:28:25] "GET /static/images/feature2.png HTTP/1.1" 404 668
[11/May/2018 13:28:25] "GET /static/images/feature3.png HTTP/1.1" 404 668
[11/May/2018 13:28:25] "GET /static/images/feature1.png HTTP/1.1" 404 668
[11/May/2018 13:28:25] "GET /static/images/nav_hot.png HTTP/1.1" 404 668
[11/May/2018 13:28:25] "GET /static/images/feature4.png HTTP/1.1" 404 668
[11/May/2018 13:28:25] "GET /static/js/deco-common.js HTTP/1.1" 404 668
[11/May/2018 13:28:25] "GET /static/js/plugins/jquery.scrollLoading.js HTTP/1.1" 404 668
[11/May/2018 13:28:25] "GET /static/images/logo.jpg HTTP/1.1" 404 668
[11/May/2018 13:28:25] "GET /static/js/index.js HTTP/1.1" 404 668
[11/May/2018 13:28:25] "GET /static/images/module3_1.jpg HTTP/1.1" 404 668
[11/May/2018 13:28:25] "GET /static/js/plugins/laydate/laydate.js HTTP/1.1" 404 668
[11/May/2018 13:28:25] "GET /static/images/footlogo.png HTTP/1.1" 404 668
[11/May/2018 13:28:25] "GET /static/images/code.jpg HTTP/1.1" 404 668
[11/May/2018 13:28:25] "GET /static/js/plugins/layer/layer.js HTTP/1.1" 404 668
[11/May/2018 13:28:25] "GET /static/images/tell.png HTTP/1.1" 404 668
[11/May/2018 13:28:26] "GET /static/js/plugins/queryCity/js/public.js HTTP/1.1" 404 668
[11/May/2018 13:28:26] "GET /static/js/unslider.js HTTP/1.1" 404 668
[11/May/2018 13:28:26] "GET /static/js/plugins/jquery.scrollLoading.js HTTP/1.1" 404 668
[11/May/2018 13:28:26] "GET /static/js/deco-common.js HTTP/1.1" 404 668
[11/May/2018 13:28:26] "GET /static/js/index.js HTTP/1.1" 404 668
[11/May/2018 13:28:31] "GET / HTTP/1.1" 200 6656
[11/May/2018 13:28:31] "GET /static/css/style.css HTTP/1.1" 404 668
[11/May/2018 13:28:31] "GET /static/js/jquery.min.js HTTP/1.1" 404 668
[11/May/2018 13:28:31] "GET /static/css/animate.css HTTP/1.1" 404 668
[11/May/2018 13:28:31] "GET /static/js/jquery-migrate-1.2.1.min.js HTTP/1.1" 404 668
[11/May/2018 13:28:31] "GET /static/js/selectUi.js HTTP/1.1" 404 668
[11/May/2018 13:28:31] "GET /static/js/deco-common.js HTTP/1.1" 404 668
[11/May/2018 13:28:31] "GET /static/js/jquery-migrate-1.2.1.min.js HTTP/1.1" 404 668
[11/May/2018 13:28:31] "GET /static/js/plugins/laydate/laydate.js HTTP/1.1" 404 668
[11/May/2018 13:28:31] "GET /static/js/selectUi.js HTTP/1.1" 404 668
[11/May/2018 13:28:31] "GET /static/js/plugins/layer/layer.js HTTP/1.1" 404 668
[11/May/2018 13:28:31] "GET /static/js/plugins/queryCity/js/public.js HTTP/1.1" 404 668
[11/May/2018 13:28:31] "GET /static/js/unslider.js HTTP/1.1" 404 668
[11/May/2018 13:28:31] "GET /static/images/logo.jpg HTTP/1.1" 404 668
[11/May/2018 13:28:31] "GET /static/js/plugins/jquery.scrollLoading.js HTTP/1.1" 404 668
[11/May/2018 13:28:31] "GET /static/js/index.js HTTP/1.1" 404 668
[11/May/2018 13:28:31] "GET /static/images/module1_1.jpg HTTP/1.1" 404 668
[11/May/2018 13:28:31] "GET /static/images/feature4.png HTTP/1.1" 404 668
[11/May/2018 13:28:31] "GET /static/images/feature3.png HTTP/1.1" 404 668
[11/May/2018 13:28:31] "GET /static/images/search_btn.png HTTP/1.1" 404 668
[11/May/2018 13:28:31] "GET /static/images/nav_hot.png HTTP/1.1" 404 668
[11/May/2018 13:28:31] "GET /static/images/feature2.png HTTP/1.1" 404 668
[11/May/2018 13:28:31] "GET /static/js/deco-common.js HTTP/1.1" 404 668
[11/May/2018 13:28:31] "GET /static/images/feature1.png HTTP/1.1" 404 668
[11/May/2018 13:28:31] "GET /static/images/module3_1.jpg HTTP/1.1" 404 668
[11/May/2018 13:28:31] "GET /static/js/plugins/laydate/laydate.js HTTP/1.1" 404 668
[11/May/2018 13:28:31] "GET /static/images/footlogo.png HTTP/1.1" 404 668
[11/May/2018 13:28:31] "GET /static/images/code.jpg HTTP/1.1" 404 668
[11/May/2018 13:28:31] "GET /static/images/tell.png HTTP/1.1" 404 668
[11/May/2018 13:28:31] "GET /static/js/plugins/layer/layer.js HTTP/1.1" 404 668
[11/May/2018 13:28:31] "GET /static/js/plugins/queryCity/js/public.js HTTP/1.1" 404 668
[11/May/2018 13:28:32] "GET /static/js/unslider.js HTTP/1.1" 404 668
[11/May/2018 13:28:32] "GET /static/js/plugins/jquery.scrollLoading.js HTTP/1.1" 404 668
[11/May/2018 13:28:32] "GET /static/js/deco-common.js HTTP/1.1" 404 668
[11/May/2018 13:28:32] "GET /static/js/index.js HTTP/1.1" 404 668
[11/May/2018 13:28:47] "GET / HTTP/1.1" 200 6656
[11/May/2018 13:28:47] "GET /static/js/jquery.min.js HTTP/1.1" 404 668
[11/May/2018 13:28:47] "GET /static/css/style.css HTTP/1.1" 404 668
[11/May/2018 13:28:47] "GET /static/js/jquery-migrate-1.2.1.min.js HTTP/1.1" 404 668
[11/May/2018 13:28:47] "GET /static/css/animate.css HTTP/1.1" 404 668
[11/May/2018 13:28:47] "GET /static/js/selectUi.js HTTP/1.1" 404 668
[11/May/2018 13:28:47] "GET /static/js/jquery-migrate-1.2.1.min.js HTTP/1.1" 404 668
[11/May/2018 13:28:35] "GET http://www.baidu.com/cache/global/img/gs.gif HTTP/1.1" 404 668
Performing system checks...

System check identified no issues (0 silenced).
May 11, 2018 - 13:28:16
Django version 1.9.8, using settings 'Onlinestudy.settings'
Starting development server at http://0.0.0.0:8888/
Quit the server with CONTROL-C.
[11/May/2018 13:28:47] "GET /static/js/deco-common.js HTTP/1.1" 404 668
[11/May/2018 13:28:47] "GET /static/js/plugins/laydate/laydate.js HTTP/1.1" 404 668
[11/May/2018 13:28:47] "GET /static/js/plugins/layer/layer.js HTTP/1.1" 404 668
[11/May/2018 13:28:47] "GET /static/js/plugins/queryCity/js/public.js HTTP/1.1" 404 668
[11/May/2018 13:28:47] "GET /static/images/feature2.png HTTP/1.1" 404 668
[11/May/2018 13:28:47] "GET /static/images/feature4.png HTTP/1.1" 404 668
[11/May/2018 13:28:47] "GET /static/images/search_btn.png HTTP/1.1" 404 668
[11/May/2018 13:28:47] "GET /static/images/nav_hot.png HTTP/1.1" 404 668
[11/May/2018 13:28:47] "GET /static/images/feature3.png HTTP/1.1" 404 668
[11/May/2018 13:28:47] "GET /static/images/feature1.png HTTP/1.1" 404 668
[11/May/2018 13:28:47] "GET /static/images/module1_1.jpg HTTP/1.1" 404 668
[11/May/2018 13:28:47] "GET /static/js/selectUi.js HTTP/1.1" 404 668
[11/May/2018 13:28:47] "GET /static/js/index.js HTTP/1.1" 404 668
[11/May/2018 13:28:47] "GET /static/js/plugins/jquery.scrollLoading.js HTTP/1.1" 404 668
[11/May/2018 13:28:47] "GET /static/js/deco-common.js HTTP/1.1" 404 668
[11/May/2018 13:28:47] "GET /static/js/unslider.js HTTP/1.1" 404 668
[11/May/2018 13:28:47] "GET /static/images/module3_1.jpg HTTP/1.1" 404 668
[11/May/2018 13:28:47] "GET /static/images/logo.jpg HTTP/1.1" 404 668
[11/May/2018 13:28:47] "GET /static/images/footlogo.png HTTP/1.1" 404 668
[11/May/2018 13:28:47] "GET /static/js/plugins/laydate/laydate.js HTTP/1.1" 404 668
[11/May/2018 13:28:47] "GET /static/images/tell.png HTTP/1.1" 404 668
[11/May/2018 13:28:47] "GET /static/images/code.jpg HTTP/1.1" 404 668
[11/May/2018 13:28:47] "GET /static/js/plugins/layer/layer.js HTTP/1.1" 404 668
[11/May/2018 13:28:47] "GET /static/js/plugins/queryCity/js/public.js HTTP/1.1" 404 668
[11/May/2018 13:28:48] "GET /static/js/unslider.js HTTP/1.1" 404 668
[11/May/2018 13:28:48] "GET /static/js/plugins/jquery.scrollLoading.js HTTP/1.1" 404 668
[11/May/2018 13:28:48] "GET /static/js/deco-common.js HTTP/1.1" 404 668
[11/May/2018 13:28:48] "GET /static/js/index.js HTTP/1.1" 404 668
[11/May/2018 13:28:50] "GET / HTTP/1.1" 200 6656
[11/May/2018 13:28:50] "GET /static/css/animate.css HTTP/1.1" 404 668
[11/May/2018 13:28:50] "GET /static/css/style.css HTTP/1.1" 404 668
[11/May/2018 13:28:50] "GET /static/js/jquery.min.js HTTP/1.1" 404 668
[11/May/2018 13:28:50] "GET /static/js/jquery-migrate-1.2.1.min.js HTTP/1.1" 404 668
[11/May/2018 13:28:50] "GET /static/js/selectUi.js HTTP/1.1" 404 668
[11/May/2018 13:28:50] "GET /static/js/plugins/laydate/laydate.js HTTP/1.1" 404 668
[11/May/2018 13:28:50] "GET /static/js/deco-common.js HTTP/1.1" 404 668
[11/May/2018 13:28:50] "GET /static/js/plugins/layer/layer.js HTTP/1.1" 404 668
[11/May/2018 13:28:50] "GET /static/js/plugins/queryCity/js/public.js HTTP/1.1" 404 668
[11/May/2018 13:28:50] "GET /static/js/unslider.js HTTP/1.1" 404 668
[11/May/2018 13:28:51] "GET /static/images/nav_hot.png HTTP/1.1" 404 668
[11/May/2018 13:28:51] "GET /static/images/feature4.png HTTP/1.1" 404 668
[11/May/2018 13:28:51] "GET /static/images/feature3.png HTTP/1.1" 404 668
[11/May/2018 13:28:51] "GET /static/images/module1_1.jpg HTTP/1.1" 404 668
[11/May/2018 13:28:51] "GET /static/images/logo.jpg HTTP/1.1" 404 668
[11/May/2018 13:28:51] "GET /static/images/feature2.png HTTP/1.1" 404 668
[11/May/2018 13:28:51] "GET /static/images/search_btn.png HTTP/1.1" 404 668
[11/May/2018 13:28:51] "GET /static/js/plugins/jquery.scrollLoading.js HTTP/1.1" 404 668
[11/May/2018 13:28:51] "GET /static/js/plugins/laydate/laydate.js HTTP/1.1" 404 668
[11/May/2018 13:28:51] "GET /static/images/feature1.png HTTP/1.1" 404 668
[11/May/2018 13:28:51] "GET /static/js/index.js HTTP/1.1" 404 668
[11/May/2018 13:28:51] "GET /static/images/module3_1.jpg HTTP/1.1" 404 668
[11/May/2018 13:28:51] "GET /static/images/footlogo.png HTTP/1.1" 404 668
[11/May/2018 13:28:51] "GET /static/js/plugins/layer/layer.js HTTP/1.1" 404 668
[11/May/2018 13:28:51] "GET /static/images/code.jpg HTTP/1.1" 404 668
[11/May/2018 13:28:51] "GET /static/js/plugins/queryCity/js/public.js HTTP/1.1" 404 668
[11/May/2018 13:28:51] "GET /static/images/tell.png HTTP/1.1" 404 668
[11/May/2018 13:28:51] "GET /static/js/unslider.js HTTP/1.1" 404 668
[11/May/2018 13:28:51] "GET /static/js/plugins/jquery.scrollLoading.js HTTP/1.1" 404 668
[11/May/2018 13:28:51] "GET /static/js/deco-common.js HTTP/1.1" 404 668
[11/May/2018 13:28:51] "GET /static/js/index.js HTTP/1.1" 404 668
[11/May/2018 13:28:55] "GET / HTTP/1.1" 200 6656
[11/May/2018 13:28:55] "GET /static/css/animate.css HTTP/1.1" 404 668
[11/May/2018 13:28:55] "GET /static/js/jquery-migrate-1.2.1.min.js HTTP/1.1" 404 668
[11/May/2018 13:28:55] "GET /static/js/jquery.min.js HTTP/1.1" 404 668
[11/May/2018 13:28:55] "GET /static/css/style.css HTTP/1.1" 404 668
[11/May/2018 13:28:55] "GET /static/js/selectUi.js HTTP/1.1" 404 668
[11/May/2018 13:28:55] "GET /static/js/jquery-migrate-1.2.1.min.js HTTP/1.1" 404 668
[11/May/2018 13:28:55] "GET /static/js/deco-common.js HTTP/1.1" 404 668
[11/May/2018 13:28:55] "GET /static/js/plugins/laydate/laydate.js HTTP/1.1" 404 668
[11/May/2018 13:28:55] "GET /static/js/plugins/layer/layer.js HTTP/1.1" 404 668
[11/May/2018 13:28:55] "GET /static/js/unslider.js HTTP/1.1" 404 668
[11/May/2018 13:28:55] "GET /static/js/plugins/queryCity/js/public.js HTTP/1.1" 404 668
[11/May/2018 13:28:55] "GET /static/js/plugins/jquery.scrollLoading.js HTTP/1.1" 404 668
[11/May/2018 13:28:55] "GET /static/images/nav_hot.png HTTP/1.1" 404 668
[11/May/2018 13:28:55] "GET /static/images/module1_1.jpg HTTP/1.1" 404 668
[11/May/2018 13:28:55] "GET /static/images/feature2.png HTTP/1.1" 404 668
[11/May/2018 13:28:55] "GET /static/images/logo.jpg HTTP/1.1" 404 668
[11/May/2018 13:28:55] "GET /static/images/feature1.png HTTP/1.1" 404 668
[11/May/2018 13:28:55] "GET /static/images/feature3.png HTTP/1.1" 404 668
[11/May/2018 13:28:55] "GET /static/images/search_btn.png HTTP/1.1" 404 668
[11/May/2018 13:28:55] "GET /static/js/selectUi.js HTTP/1.1" 404 668
[11/May/2018 13:28:55] "GET /static/images/feature4.png HTTP/1.1" 404 668
[11/May/2018 13:28:55] "GET /static/js/index.js HTTP/1.1" 404 668
[11/May/2018 13:28:55] "GET /static/images/footlogo.png HTTP/1.1" 404 668
[11/May/2018 13:28:55] "GET /static/images/code.jpg HTTP/1.1" 404 668
[11/May/2018 13:28:55] "GET /static/images/tell.png HTTP/1.1" 404 668
[11/May/2018 13:28:55] "GET /static/images/module3_1.jpg HTTP/1.1" 404 668
[11/May/2018 13:28:55] "GET /static/js/deco-common.js HTTP/1.1" 404 668
[11/May/2018 13:28:55] "GET /static/js/plugins/laydate/laydate.js HTTP/1.1" 404 668
[11/May/2018 13:28:55] "GET /static/js/plugins/layer/layer.js HTTP/1.1" 404 668
[11/May/2018 13:28:55] "GET /static/js/plugins/queryCity/js/public.js HTTP/1.1" 404 668
[11/May/2018 13:28:55] "GET /static/js/unslider.js HTTP/1.1" 404 668
[11/May/2018 13:28:55] "GET /static/js/plugins/jquery.scrollLoading.js HTTP/1.1" 404 668
[11/May/2018 13:28:55] "GET /static/js/deco-common.js HTTP/1.1" 404 668
[11/May/2018 13:28:55] "GET /static/js/index.js HTTP/1.1" 404 668
Performing system checks...

System check identified no issues (0 silenced).
May 11, 2018 - 13:28:16
Django version 1.9.8, using settings 'Onlinestudy.settings'
Starting development server at http://0.0.0.0:80/
Quit the server with CONTROL-C.
[11/May/2018 13:32:34] "GET / HTTP/1.1" 200 6656
[11/May/2018 13:32:34] "GET /static/css/style.css HTTP/1.1" 404 668
[11/May/2018 13:32:34] "GET /static/css/animate.css HTTP/1.1" 404 668
[11/May/2018 13:32:34] "GET /static/js/jquery.min.js HTTP/1.1" 404 668
[11/May/2018 13:32:34] "GET /static/js/jquery-migrate-1.2.1.min.js HTTP/1.1" 404 668
[11/May/2018 13:32:34] "GET /static/js/selectUi.js HTTP/1.1" 404 668
[11/May/2018 13:32:34] "GET /static/js/deco-common.js HTTP/1.1" 404 668
[11/May/2018 13:32:34] "GET /static/js/plugins/layer/layer.js HTTP/1.1" 404 668
[11/May/2018 13:32:34] "GET /static/js/plugins/laydate/laydate.js HTTP/1.1" 404 668
[11/May/2018 13:32:34] "GET /static/js/plugins/queryCity/js/public.js HTTP/1.1" 404 668
[11/May/2018 13:32:34] "GET /static/js/unslider.js HTTP/1.1" 404 668
[11/May/2018 13:32:34] "GET /static/images/nav_hot.png HTTP/1.1" 404 668
[11/May/2018 13:32:34] "GET /static/images/feature3.png HTTP/1.1" 404 668
[11/May/2018 13:32:34] "GET /static/images/module1_1.jpg HTTP/1.1" 404 668
[11/May/2018 13:32:34] "GET /static/images/search_btn.png HTTP/1.1" 404 668
[11/May/2018 13:32:34] "GET /static/images/feature4.png HTTP/1.1" 404 668
[11/May/2018 13:32:34] "GET /static/images/logo.jpg HTTP/1.1" 404 668
[11/May/2018 13:32:34] "GET /static/images/feature1.png HTTP/1.1" 404 668
[11/May/2018 13:32:34] "GET /static/images/feature2.png HTTP/1.1" 404 668
[11/May/2018 13:32:34] "GET /static/js/selectUi.js HTTP/1.1" 404 668
[11/May/2018 13:32:34] "GET /static/js/index.js HTTP/1.1" 404 668
[11/May/2018 13:32:34] "GET /static/js/deco-common.js HTTP/1.1" 404 668
[11/May/2018 13:32:34] "GET /static/images/footlogo.png HTTP/1.1" 404 668
[11/May/2018 13:32:34] "GET /static/js/plugins/jquery.scrollLoading.js HTTP/1.1" 404 668
[11/May/2018 13:32:34] "GET /static/images/module3_1.jpg HTTP/1.1" 404 668
[11/May/2018 13:32:34] "GET /static/images/code.jpg HTTP/1.1" 404 668
[11/May/2018 13:32:35] "GET /static/js/plugins/laydate/laydate.js HTTP/1.1" 404 668
[11/May/2018 13:32:35] "GET /static/images/tell.png HTTP/1.1" 404 668
[11/May/2018 13:32:35] "GET /static/js/plugins/layer/layer.js HTTP/1.1" 404 668
[11/May/2018 13:32:35] "GET /static/js/plugins/queryCity/js/public.js HTTP/1.1" 404 668
[11/May/2018 13:32:35] "GET /static/js/unslider.js HTTP/1.1" 404 668
[11/May/2018 13:32:35] "GET /static/js/plugins/jquery.scrollLoading.js HTTP/1.1" 404 668
[11/May/2018 13:32:35] "GET /static/js/deco-common.js HTTP/1.1" 404 668
[11/May/2018 13:32:35] "GET /static/js/index.js HTTP/1.1" 404 668
[11/May/2018 13:32:38] "GET / HTTP/1.1" 200 6656
[11/May/2018 13:32:38] "GET /static/css/style.css HTTP/1.1" 404 668
[11/May/2018 13:32:38] "GET /static/css/animate.css HTTP/1.1" 404 668
[11/May/2018 13:32:38] "GET /static/js/jquery.min.js HTTP/1.1" 404 668
[11/May/2018 13:32:38] "GET /static/js/jquery-migrate-1.2.1.min.js HTTP/1.1" 404 668
[11/May/2018 13:32:38] "GET /static/js/selectUi.js HTTP/1.1" 404 668
[11/May/2018 13:32:38] "GET /static/js/deco-common.js HTTP/1.1" 404 668
[11/May/2018 13:32:38] "GET /static/js/jquery-migrate-1.2.1.min.js HTTP/1.1" 404 668
[11/May/2018 13:32:38] "GET /static/js/plugins/laydate/laydate.js HTTP/1.1" 404 668
[11/May/2018 13:32:38] "GET /static/js/plugins/layer/layer.js HTTP/1.1" 404 668
[11/May/2018 13:32:38] "GET /static/js/plugins/queryCity/js/public.js HTTP/1.1" 404 668
[11/May/2018 13:32:38] "GET /static/js/unslider.js HTTP/1.1" 404 668
[11/May/2018 13:32:38] "GET /static/images/module1_1.jpg HTTP/1.1" 404 668
[11/May/2018 13:32:38] "GET /static/images/feature4.png HTTP/1.1" 404 668
[11/May/2018 13:32:38] "GET /static/images/feature2.png HTTP/1.1" 404 668
[11/May/2018 13:32:38] "GET /static/images/nav_hot.png HTTP/1.1" 404 668
[11/May/2018 13:32:38] "GET /static/images/feature1.png HTTP/1.1" 404 668
[11/May/2018 13:32:38] "GET /static/images/feature3.png HTTP/1.1" 404 668
[11/May/2018 13:32:38] "GET /static/images/search_btn.png HTTP/1.1" 404 668
[11/May/2018 13:32:38] "GET /static/js/selectUi.js HTTP/1.1" 404 668
[11/May/2018 13:32:38] "GET /static/js/plugins/jquery.scrollLoading.js HTTP/1.1" 404 668
[11/May/2018 13:32:38] "GET /static/js/deco-common.js HTTP/1.1" 404 668
[11/May/2018 13:32:38] "GET /static/images/logo.jpg HTTP/1.1" 404 668
[11/May/2018 13:32:38] "GET /static/images/module3_1.jpg HTTP/1.1" 404 668
[11/May/2018 13:32:38] "GET /static/js/index.js HTTP/1.1" 404 668
[11/May/2018 13:32:38] "GET /static/images/footlogo.png HTTP/1.1" 404 668
[11/May/2018 13:32:38] "GET /static/images/code.jpg HTTP/1.1" 404 668
[11/May/2018 13:32:38] "GET /static/js/plugins/laydate/laydate.js HTTP/1.1" 404 668
[11/May/2018 13:32:38] "GET /static/images/tell.png HTTP/1.1" 404 668
[11/May/2018 13:32:38] "GET /static/js/plugins/layer/layer.js HTTP/1.1" 404 668
[11/May/2018 13:32:38] "GET /static/js/plugins/queryCity/js/public.js HTTP/1.1" 404 668
[11/May/2018 13:32:38] "GET /static/js/unslider.js HTTP/1.1" 404 668
[11/May/2018 13:32:38] "GET /static/js/plugins/jquery.scrollLoading.js HTTP/1.1" 404 668
[11/May/2018 13:32:38] "GET /static/js/deco-common.js HTTP/1.1" 404 668
[11/May/2018 13:32:39] "GET /static/js/index.js HTTP/1.1" 404 668
[11/May/2018 13:33:57] "GET / HTTP/1.1" 200 6656
[11/May/2018 13:36:27] "GET / HTTP/1.1" 200 6656
[11/May/2018 13:36:27] "GET /static/css/reset.css HTTP/1.1" 404 668
[11/May/2018 13:36:27] "GET /static/css/animate.css HTTP/1.1" 404 668
[11/May/2018 13:36:27] "GET /static/css/style.css HTTP/1.1" 404 668
[11/May/2018 13:36:27] "GET /static/js/jquery.min.js HTTP/1.1" 404 668
[11/May/2018 13:36:27] "GET /static/js/jquery-migrate-1.2.1.min.js HTTP/1.1" 404 668
[11/May/2018 13:36:27] "GET /static/js/selectUi.js HTTP/1.1" 404 668
[11/May/2018 13:36:27] "GET /static/js/deco-common.js HTTP/1.1" 404 668
[11/May/2018 13:36:27] "GET /static/js/plugins/laydate/laydate.js HTTP/1.1" 404 668
[11/May/2018 13:36:27] "GET /static/js/plugins/layer/layer.js HTTP/1.1" 404 668
[11/May/2018 13:36:27] "GET /static/images/feature3.png HTTP/1.1" 404 668
[11/May/2018 13:36:27] "GET /static/images/feature1.png HTTP/1.1" 404 668
[11/May/2018 13:36:27] "GET /static/images/feature2.png HTTP/1.1" 404 668
[11/May/2018 13:36:27] "GET /static/images/logo.jpg HTTP/1.1" 404 668
[11/May/2018 13:36:27] "GET /static/images/nav_hot.png HTTP/1.1" 404 668
[11/May/2018 13:36:27] "GET /static/js/selectUi.js HTTP/1.1" 404 668
[11/May/2018 13:36:27] "GET /static/js/plugins/queryCity/js/public.js HTTP/1.1" 404 668
[11/May/2018 13:36:27] "GET /static/images/feature4.png HTTP/1.1" 404 668
[11/May/2018 13:36:27] "GET /static/images/search_btn.png HTTP/1.1" 404 668
[11/May/2018 13:36:27] "GET /static/js/unslider.js HTTP/1.1" 404 668
[11/May/2018 13:36:27] "GET /static/js/deco-common.js HTTP/1.1" 404 668
[11/May/2018 13:36:27] "GET /static/js/plugins/jquery.scrollLoading.js HTTP/1.1" 404 668
[11/May/2018 13:36:27] "GET /static/js/index.js HTTP/1.1" 404 668
[11/May/2018 13:36:27] "GET /static/images/module1_1.jpg HTTP/1.1" 404 668
[11/May/2018 13:36:27] "GET /static/js/plugins/laydate/laydate.js HTTP/1.1" 404 668
[11/May/2018 13:36:27] "GET /static/images/module3_1.jpg HTTP/1.1" 404 668
[11/May/2018 13:36:27] "GET /static/images/footlogo.png HTTP/1.1" 404 668
[11/May/2018 13:36:27] "GET /static/js/plugins/layer/layer.js HTTP/1.1" 404 668
[11/May/2018 13:36:27] "GET /static/images/code.jpg HTTP/1.1" 404 668
[11/May/2018 13:36:27] "GET /static/js/plugins/queryCity/js/public.js HTTP/1.1" 404 668
[11/May/2018 13:36:27] "GET /static/images/tell.png HTTP/1.1" 404 668
[11/May/2018 13:36:28] "GET /static/js/unslider.js HTTP/1.1" 404 668
[11/May/2018 13:36:28] "GET /static/js/plugins/jquery.scrollLoading.js HTTP/1.1" 404 668
[11/May/2018 13:36:28] "GET /static/js/deco-common.js HTTP/1.1" 404 668
[11/May/2018 13:36:28] "GET /static/js/index.js HTTP/1.1" 404 668
[11/May/2018 13:36:36] "GET / HTTP/1.1" 200 6656
[11/May/2018 13:36:36] "GET /static/css/reset.css HTTP/1.1" 404 668
[11/May/2018 13:36:36] "GET /static/css/style.css HTTP/1.1" 404 668
[11/May/2018 13:36:36] "GET /static/css/animate.css HTTP/1.1" 404 668
[11/May/2018 13:36:36] "GET /static/js/jquery.min.js HTTP/1.1" 404 668
[11/May/2018 13:36:36] "GET /static/js/jquery-migrate-1.2.1.min.js HTTP/1.1" 404 668
Performing system checks...

System check identified no issues (0 silenced).
May 11, 2018 - 13:32:31
Django version 1.9.8, using settings 'Onlinestudy.settings'
Starting development server at http://0.0.0.0:8888/
Quit the server with CONTROL-C.
[11/May/2018 13:36:36] "GET /static/js/selectUi.js HTTP/1.1" 404 668
[11/May/2018 13:36:36] "GET /static/js/deco-common.js HTTP/1.1" 404 668
[11/May/2018 13:36:36] "GET /static/js/plugins/laydate/laydate.js HTTP/1.1" 404 668
[11/May/2018 13:36:36] "GET /static/js/plugins/layer/layer.js HTTP/1.1" 404 668
[11/May/2018 13:36:36] "GET /static/images/logo.jpg HTTP/1.1" 404 668
[11/May/2018 13:36:36] "GET /static/images/search_btn.png HTTP/1.1" 404 668
[11/May/2018 13:36:36] "GET /static/images/feature3.png HTTP/1.1" 404 668
[11/May/2018 13:36:36] "GET /static/images/nav_hot.png HTTP/1.1" 404 668
[11/May/2018 13:36:36] "GET /static/images/feature1.png HTTP/1.1" 404 668
[11/May/2018 13:36:36] "GET /static/images/feature2.png HTTP/1.1" 404 668
[11/May/2018 13:36:36] "GET /static/images/feature4.png HTTP/1.1" 404 668
[11/May/2018 13:36:36] "GET /static/js/plugins/queryCity/js/public.js HTTP/1.1" 404 668
[11/May/2018 13:36:36] "GET /static/js/unslider.js HTTP/1.1" 404 668
[11/May/2018 13:36:36] "GET /static/js/index.js HTTP/1.1" 404 668
[11/May/2018 13:36:36] "GET /static/js/plugins/jquery.scrollLoading.js HTTP/1.1" 404 668
[11/May/2018 13:36:36] "GET /static/images/module3_1.jpg HTTP/1.1" 404 668
[11/May/2018 13:36:36] "GET /static/images/footlogo.png HTTP/1.1" 404 668
[11/May/2018 13:36:36] "GET /static/images/module1_1.jpg HTTP/1.1" 404 668
[11/May/2018 13:36:36] "GET /static/js/deco-common.js HTTP/1.1" 404 668
[11/May/2018 13:36:36] "GET /static/images/code.jpg HTTP/1.1" 404 668
[11/May/2018 13:36:36] "GET /static/images/tell.png HTTP/1.1" 404 668
[11/May/2018 13:36:36] "GET /static/js/index.js HTTP/1.1" 404 668
[11/May/2018 13:36:38] "GET / HTTP/1.1" 200 6656
[11/May/2018 13:36:39] "GET /static/css/reset.css HTTP/1.1" 404 668
[11/May/2018 13:36:39] "GET /static/css/animate.css HTTP/1.1" 404 668
[11/May/2018 13:36:39] "GET /static/css/style.css HTTP/1.1" 404 668
[11/May/2018 13:36:39] "GET /static/js/jquery.min.js HTTP/1.1" 404 668
[11/May/2018 13:36:39] "GET /static/js/jquery-migrate-1.2.1.min.js HTTP/1.1" 404 668
[11/May/2018 13:36:39] "GET /static/js/selectUi.js HTTP/1.1" 404 668
[11/May/2018 13:36:39] "GET /static/js/deco-common.js HTTP/1.1" 404 668
[11/May/2018 13:36:39] "GET /static/js/plugins/laydate/laydate.js HTTP/1.1" 404 668
[11/May/2018 13:36:39] "GET /static/js/plugins/layer/layer.js HTTP/1.1" 404 668
[11/May/2018 13:36:39] "GET /static/js/plugins/queryCity/js/public.js HTTP/1.1" 404 668
[11/May/2018 13:36:39] "GET /static/js/unslider.js HTTP/1.1" 404 668
[11/May/2018 13:36:39] "GET /static/images/search_btn.png HTTP/1.1" 404 668
[11/May/2018 13:36:39] "GET /static/images/logo.jpg HTTP/1.1" 404 668
[11/May/2018 13:36:39] "GET /static/images/feature1.png HTTP/1.1" 404 668
[11/May/2018 13:36:39] "GET /static/images/feature3.png HTTP/1.1" 404 668
[11/May/2018 13:36:39] "GET /static/images/feature2.png HTTP/1.1" 404 668
[11/May/2018 13:36:39] "GET /static/images/nav_hot.png HTTP/1.1" 404 668
[11/May/2018 13:36:39] "GET /static/images/feature4.png HTTP/1.1" 404 668
[11/May/2018 13:36:39] "GET /static/js/plugins/jquery.scrollLoading.js HTTP/1.1" 404 668
[11/May/2018 13:36:39] "GET /static/images/module3_1.jpg HTTP/1.1" 404 668
[11/May/2018 13:36:39] "GET /static/images/footlogo.png HTTP/1.1" 404 668
[11/May/2018 13:36:39] "GET /static/js/index.js HTTP/1.1" 404 668
[11/May/2018 13:36:39] "GET /static/images/module1_1.jpg HTTP/1.1" 404 668
[11/May/2018 13:36:39] "GET /static/images/code.jpg HTTP/1.1" 404 668
[11/May/2018 13:36:39] "GET /static/js/deco-common.js HTTP/1.1" 404 668
[11/May/2018 13:36:39] "GET /static/js/index.js HTTP/1.1" 404 668
[11/May/2018 13:36:39] "GET / HTTP/1.1" 200 6656
[11/May/2018 13:36:39] "GET /static/css/reset.css HTTP/1.1" 404 668
[11/May/2018 13:36:39] "GET /static/css/animate.css HTTP/1.1" 404 668
[11/May/2018 13:36:39] "GET /static/css/style.css HTTP/1.1" 404 668
[11/May/2018 13:36:39] "GET /static/js/jquery.min.js HTTP/1.1" 404 668
[11/May/2018 13:36:39] "GET /static/js/jquery-migrate-1.2.1.min.js HTTP/1.1" 404 668
[11/May/2018 13:36:39] "GET /static/js/selectUi.js HTTP/1.1" 404 668
[11/May/2018 13:36:39] "GET /static/js/deco-common.js HTTP/1.1" 404 668
[11/May/2018 13:36:39] "GET /static/js/plugins/laydate/laydate.js HTTP/1.1" 404 668
[11/May/2018 13:36:39] "GET /static/js/plugins/layer/layer.js HTTP/1.1" 404 668
[11/May/2018 13:36:39] "GET /static/js/plugins/queryCity/js/public.js HTTP/1.1" 404 668
[11/May/2018 13:36:39] "GET /static/js/plugins/jquery.scrollLoading.js HTTP/1.1" 404 668
[11/May/2018 13:36:39] "GET /static/js/unslider.js HTTP/1.1" 404 668
[11/May/2018 13:36:39] "GET /static/images/feature4.png HTTP/1.1" 404 668
[11/May/2018 13:36:39] "GET /static/images/logo.jpg HTTP/1.1" 404 668
[11/May/2018 13:36:39] "GET /static/images/feature3.png HTTP/1.1" 404 668
[11/May/2018 13:36:39] "GET /static/images/feature2.png HTTP/1.1" 404 668
[11/May/2018 13:36:39] "GET /static/images/nav_hot.png HTTP/1.1" 404 668
[11/May/2018 13:36:39] "GET /static/images/search_btn.png HTTP/1.1" 404 668
[11/May/2018 13:36:39] "GET /static/js/plugins/jquery.scrollLoading.js HTTP/1.1" 404 668
[11/May/2018 13:36:39] "GET /static/images/feature1.png HTTP/1.1" 404 668
[11/May/2018 13:36:39] "GET /static/images/module3_1.jpg HTTP/1.1" 404 668
[11/May/2018 13:36:39] "GET /static/js/index.js HTTP/1.1" 404 668
[11/May/2018 13:36:39] "GET /static/images/module1_1.jpg HTTP/1.1" 404 668
[11/May/2018 13:36:39] "GET /static/js/deco-common.js HTTP/1.1" 404 668
[11/May/2018 13:36:39] "GET /static/images/code.jpg HTTP/1.1" 404 668
[11/May/2018 13:36:39] "GET /static/images/footlogo.png HTTP/1.1" 404 668
[11/May/2018 13:36:39] "GET /static/images/tell.png HTTP/1.1" 404 668
[11/May/2018 13:36:39] "GET /static/js/index.js HTTP/1.1" 404 668
Performing system checks...

System check identified no issues (0 silenced).
May 11, 2018 - 13:32:31
Django version 1.9.8, using settings 'Onlinestudy.settings'
Starting development server at http://0.0.0.0:80/
Quit the server with CONTROL-C.
/root/.virtualenvs/onlinestudy/lib/python3.5/importlib/__init__.py:126: RemovedInDjango110Warning: django.core.context_processors is deprecated in favor of django.template.context_processors.
  return _bootstrap._gcd_import(name[level:], package, level)

